<?xml version="1.0" encoding="UTF-8"?>
<!-- Generated by org.testng.reporters.JUnitReportReporter -->
<testsuite hostname="Armans-Air.lan" failures="0" tests="1" name="pagesTest.HomePageTest" time="82.018" errors="0" timestamp="2023-11-06T22:06:33 EST" skipped="0">
  <testcase classname="pagesTest.HomePageTest" name="clickFinfOutMoreTest" time="82.018"/>
</testsuite> <!-- pagesTest.HomePageTest -->
